

2020-01-03 09:12:30,476 INFO com.cg.uas.UasApplication [restartedMain] Starting UasApplication on DIN18000705 with PID 9900 (C:\Users\pkuma579\Documents\UAS\UniversityAdmissionSystem\uas\target\classes started by pkuma579 in C:\Users\pkuma579\Documents\UAS\UniversityAdmissionSystem\uas)
2020-01-03 09:12:30,496 DEBUG com.cg.uas.UasApplication [restartedMain] Running with Spring Boot v2.2.0.RELEASE, Spring v5.2.0.RELEASE
2020-01-03 09:12:30,496 INFO com.cg.uas.UasApplication [restartedMain] The following profiles are active: production
2020-01-03 09:12:36,135 INFO com.cg.uas.UasApplication [restartedMain] Started UasApplication in 6.153 seconds (JVM running for 7.678)
2020-01-03 09:14:41,173 INFO com.cg.uas.controller.UASController [http-nio-9123-exec-1] Getting list of all schedules in the system..
2020-01-03 09:14:41,297 INFO com.cg.uas.controller.UASController [http-nio-9123-exec-1] No schedules present in the system. Returning NO_CONTENT
2020-01-03 09:14:54,097 INFO com.cg.uas.controller.UASController [http-nio-9123-exec-3] Schedule added. Audit Details: ScheduleID:1 Created on:Fri Jan 03 09:14:53 IST 2020.Created by: DIN18000705/10.58.57.8
2020-01-03 09:15:34,716 INFO com.cg.uas.controller.UASController [http-nio-9123-exec-4] Getting list of all schedules in the system..
2020-01-03 09:15:49,352 INFO com.cg.uas.controller.UASController [http-nio-9123-exec-5] Validating schedule Id entered for add Program..
2020-01-03 09:15:49,358 INFO com.cg.uas.service.UserServiceImpl [http-nio-9123-exec-5] Schedule Id is proper... returning BigInteger value of the entered Id..
2020-01-03 09:15:49,722 INFO com.cg.uas.controller.UASController [http-nio-9123-exec-5] adding program to the given scheduleId
2020-01-03 09:15:49,722 INFO com.cg.uas.controller.UASController [http-nio-9123-exec-5] Program added! AUDIT TRAIL=> Created on:Fri Jan 03 09:15:49 IST 2020 Created by: DIN18000705/10.58.57.8
2020-01-03 09:15:55,404 INFO com.cg.uas.controller.UASController [http-nio-9123-exec-6] Getting list of all schedules in the system..
2020-01-03 09:16:16,277 INFO com.cg.uas.controller.UASController [http-nio-9123-exec-7] Validating schedule Id entered for add Program..
2020-01-03 09:16:16,282 INFO com.cg.uas.service.UserServiceImpl [http-nio-9123-exec-7] Schedule Id is proper... returning BigInteger value of the entered Id..
2020-01-03 09:16:16,452 INFO com.cg.uas.controller.UASController [http-nio-9123-exec-7] adding program to the given scheduleId
2020-01-03 09:16:16,452 INFO com.cg.uas.controller.UASController [http-nio-9123-exec-7] Program added! AUDIT TRAIL=> Created on:Fri Jan 03 09:16:16 IST 2020 Created by: DIN18000705/10.58.57.8
2020-01-03 09:16:20,234 INFO com.cg.uas.controller.UASController [http-nio-9123-exec-8] Getting list of all schedules in the system..
2020-01-03 09:21:34,133 INFO com.cg.uas.controller.UASController [http-nio-9123-exec-10] Schedule added. Audit Details: ScheduleID:4 Created on:Fri Jan 03 09:21:34 IST 2020.Created by: DIN18000705/10.58.57.8
2020-01-03 09:21:53,382 INFO com.cg.uas.controller.UASController [http-nio-9123-exec-1] Getting list of all schedules in the system..
2020-01-03 09:22:24,943 INFO com.cg.uas.controller.UASController [http-nio-9123-exec-2] Getting list of all schedules in the system..
2020-01-03 09:22:27,768 INFO com.cg.uas.controller.UASController [http-nio-9123-exec-3] Validating schedule id entered as parameter..
2020-01-03 09:22:27,776 INFO com.cg.uas.service.UserServiceImpl [http-nio-9123-exec-3] Schedule Id is proper... returning BigInteger value of the entered Id..
2020-01-03 09:22:27,779 INFO com.cg.uas.controller.UASController [http-nio-9123-exec-3] Schedule Id validated... Getting program List
2020-01-03 09:22:27,789 INFO com.cg.uas.controller.UASController [http-nio-9123-exec-3] Returning program list in the schedule..
2020-01-03 09:23:15,789 INFO com.cg.uas.UasApplication [restartedMain] Starting UasApplication on DIN18000705 with PID 9900 (C:\Users\pkuma579\Documents\UAS\UniversityAdmissionSystem\uas\target\classes started by pkuma579 in C:\Users\pkuma579\Documents\UAS\UniversityAdmissionSystem\uas)
2020-01-03 09:23:15,789 DEBUG com.cg.uas.UasApplication [restartedMain] Running with Spring Boot v2.2.0.RELEASE, Spring v5.2.0.RELEASE
2020-01-03 09:23:15,789 INFO com.cg.uas.UasApplication [restartedMain] The following profiles are active: production
2020-01-03 09:23:17,254 INFO com.cg.uas.UasApplication [restartedMain] Started UasApplication in 1.518 seconds (JVM running for 648.791)
2020-01-03 10:18:32,372 INFO com.cg.uas.UasApplication [restartedMain] Starting UasApplication on DIN18000705 with PID 8596 (C:\Users\pkuma579\Documents\UAS\UniversityAdmissionSystem\uas\target\classes started by pkuma579 in C:\Users\pkuma579\Documents\UAS\UniversityAdmissionSystem\uas)
2020-01-03 10:18:32,387 DEBUG com.cg.uas.UasApplication [restartedMain] Running with Spring Boot v2.2.0.RELEASE, Spring v5.2.0.RELEASE
2020-01-03 10:18:32,387 INFO com.cg.uas.UasApplication [restartedMain] The following profiles are active: production
2020-01-03 10:18:36,430 ERROR org.springframework.boot.diagnostics.LoggingFailureAnalysisReporter [restartedMain] 

***************************
APPLICATION FAILED TO START
***************************

Description:

Web server failed to start. Port 9123 was already in use.

Action:

Identify and stop the process that's listening on port 9123 or configure this application to listen on another port.

2020-01-03 10:19:14,122 INFO com.cg.uas.UasApplication [restartedMain] Starting UasApplication on DIN18000705 with PID 13960 (C:\Users\pkuma579\Documents\UAS\UniversityAdmissionSystem\uas\target\classes started by pkuma579 in C:\Users\pkuma579\Documents\UAS\UniversityAdmissionSystem\uas)
2020-01-03 10:19:14,124 DEBUG com.cg.uas.UasApplication [restartedMain] Running with Spring Boot v2.2.0.RELEASE, Spring v5.2.0.RELEASE
2020-01-03 10:19:14,124 INFO com.cg.uas.UasApplication [restartedMain] The following profiles are active: production
2020-01-03 10:19:17,961 INFO com.cg.uas.UasApplication [restartedMain] Started UasApplication in 4.254 seconds (JVM running for 5.464)
2020-01-03 10:20:42,305 INFO com.cg.uas.controller.UASController [http-nio-9123-exec-3] Schedule added. Audit Details: ScheduleID:5 Created on:Fri Jan 03 10:20:42 IST 2020.Created by: DIN18000705/10.58.57.8
2020-01-03 10:21:01,285 INFO com.cg.uas.controller.UASController [http-nio-9123-exec-4] Getting list of all schedules in the system..
2020-01-03 10:21:29,721 INFO com.cg.uas.controller.UASController [http-nio-9123-exec-5] Validating schedule id entered as parameter..
2020-01-03 10:21:29,725 INFO com.cg.uas.service.UserServiceImpl [http-nio-9123-exec-5] Schedule Id is proper... returning BigInteger value of the entered Id..
2020-01-03 10:21:29,726 INFO com.cg.uas.controller.UASController [http-nio-9123-exec-5] Schedule Id validated... Getting program List
2020-01-03 10:21:29,744 INFO com.cg.uas.controller.UASController [http-nio-9123-exec-5] Returning program list in the schedule..
2020-01-03 10:25:13,381 INFO com.cg.uas.controller.UASController [http-nio-9123-exec-8] Schedule added. Audit Details: ScheduleID:6 Created on:Fri Jan 03 10:25:13 IST 2020.Created by: DIN18000705/10.58.57.8
2020-01-03 10:25:23,378 INFO com.cg.uas.controller.UASController [http-nio-9123-exec-9] Getting list of all schedules in the system..
2020-01-03 10:25:28,828 INFO com.cg.uas.controller.UASController [http-nio-9123-exec-10] Validating schedule Id entered for add Program..
2020-01-03 10:25:28,833 INFO com.cg.uas.service.UserServiceImpl [http-nio-9123-exec-10] Schedule Id is proper... returning BigInteger value of the entered Id..
2020-01-03 10:25:28,957 INFO com.cg.uas.controller.UASController [http-nio-9123-exec-10] adding program to the given scheduleId
2020-01-03 10:25:28,957 INFO com.cg.uas.controller.UASController [http-nio-9123-exec-10] Program added! AUDIT TRAIL=> Created on:Fri Jan 03 10:25:28 IST 2020 Created by: DIN18000705/10.58.57.8
2020-01-03 10:25:32,462 INFO com.cg.uas.controller.UASController [http-nio-9123-exec-1] Getting list of all schedules in the system..
2020-01-03 10:26:21,692 INFO com.cg.uas.controller.UASController [http-nio-9123-exec-2] Getting list of all schedules in the system..
2020-01-03 10:26:28,280 INFO com.cg.uas.service.UserServiceImpl [http-nio-9123-exec-4] Schedule Id is proper... returning BigInteger value of the entered Id..
2020-01-03 10:26:28,283 INFO com.cg.uas.service.UserServiceImpl [http-nio-9123-exec-4] Schedule Deleted. Audit Details: ScheduleID:1 Modified on:1/3/20 9:14 AM. Modified by: DIN18000705/10.58.57.8
2020-01-03 10:26:29,948 INFO com.cg.uas.controller.UASController [http-nio-9123-exec-5] Getting list of all schedules in the system..
2020-01-03 10:26:49,221 INFO com.cg.uas.controller.UASController [http-nio-9123-exec-6] Getting list of all schedules in the system..
2020-01-03 10:26:52,173 INFO com.cg.uas.controller.UASController [http-nio-9123-exec-7] Validating schedule id entered as parameter..
2020-01-03 10:26:52,178 INFO com.cg.uas.service.UserServiceImpl [http-nio-9123-exec-7] Schedule Id is proper... returning BigInteger value of the entered Id..
2020-01-03 10:26:52,180 INFO com.cg.uas.controller.UASController [http-nio-9123-exec-7] Schedule Id validated... Getting program List
2020-01-03 10:26:52,183 INFO com.cg.uas.controller.UASController [http-nio-9123-exec-7] Program list is empty.
2020-01-03 10:26:54,308 INFO com.cg.uas.controller.UASController [http-nio-9123-exec-8] Getting list of all schedules in the system..
2020-01-03 10:26:57,747 INFO com.cg.uas.controller.UASController [http-nio-9123-exec-9] Validating schedule id entered as parameter..
2020-01-03 10:26:57,751 INFO com.cg.uas.service.UserServiceImpl [http-nio-9123-exec-9] Schedule Id is proper... returning BigInteger value of the entered Id..
2020-01-03 10:26:57,752 INFO com.cg.uas.controller.UASController [http-nio-9123-exec-9] Schedule Id validated... Getting program List
2020-01-03 10:26:57,755 INFO com.cg.uas.controller.UASController [http-nio-9123-exec-9] Returning program list in the schedule..
2020-01-03 10:27:03,197 INFO com.cg.uas.service.UserServiceImpl [http-nio-9123-exec-1] Schedule Id is proper... returning BigInteger value of the entered Id..
2020-01-03 10:27:03,202 INFO com.cg.uas.service.UserServiceImpl [http-nio-9123-exec-1] Program Id is proper... returning BigInteger value of the entered Id..
2020-01-03 10:27:03,204 INFO com.cg.uas.service.UserServiceImpl [http-nio-9123-exec-1] Program Deleted. AUDIT TRAIL=> ProgramID:7 Modified by:DIN18000705/10.58.57.8Modified on: 1/3/20 10:25 AM
2020-01-03 10:27:03,251 INFO com.cg.uas.controller.UASController [http-nio-9123-exec-1] removing program from the given scheduleId
2020-01-03 10:27:05,252 INFO com.cg.uas.controller.UASController [http-nio-9123-exec-2] Validating schedule id entered as parameter..
2020-01-03 10:27:05,257 INFO com.cg.uas.service.UserServiceImpl [http-nio-9123-exec-2] Schedule Id is proper... returning BigInteger value of the entered Id..
2020-01-03 10:27:05,258 INFO com.cg.uas.controller.UASController [http-nio-9123-exec-2] Schedule Id validated... Getting program List
2020-01-03 10:27:05,262 INFO com.cg.uas.controller.UASController [http-nio-9123-exec-2] Program list is empty.
2020-01-03 10:27:16,668 INFO com.cg.uas.controller.UASController [http-nio-9123-exec-3] Getting list of all schedules in the system..
2020-01-03 10:27:22,960 INFO com.cg.uas.controller.UASController [http-nio-9123-exec-4] Validating schedule Id entered for add Program..
2020-01-03 10:27:22,965 INFO com.cg.uas.service.UserServiceImpl [http-nio-9123-exec-4] Schedule Id is proper... returning BigInteger value of the entered Id..
2020-01-03 10:27:23,110 INFO com.cg.uas.controller.UASController [http-nio-9123-exec-4] adding program to the given scheduleId
2020-01-03 10:27:23,111 INFO com.cg.uas.controller.UASController [http-nio-9123-exec-4] Program added! AUDIT TRAIL=> Created on:Fri Jan 03 10:27:22 IST 2020 Created by: DIN18000705/10.58.57.8
2020-01-03 10:27:26,485 INFO com.cg.uas.controller.UASController [http-nio-9123-exec-5] Getting list of all schedules in the system..
2020-01-03 10:27:31,342 INFO com.cg.uas.controller.UASController [http-nio-9123-exec-6] Validating schedule Id entered for add Program..
2020-01-03 10:27:31,346 INFO com.cg.uas.service.UserServiceImpl [http-nio-9123-exec-6] Schedule Id is proper... returning BigInteger value of the entered Id..
2020-01-03 10:27:31,467 INFO com.cg.uas.controller.UASController [http-nio-9123-exec-6] adding program to the given scheduleId
2020-01-03 10:27:31,467 INFO com.cg.uas.controller.UASController [http-nio-9123-exec-6] Program added! AUDIT TRAIL=> Created on:Fri Jan 03 10:27:31 IST 2020 Created by: DIN18000705/10.58.57.8
2020-01-03 10:27:34,122 INFO com.cg.uas.controller.UASController [http-nio-9123-exec-7] Getting list of all schedules in the system..
2020-01-03 10:43:44,413 INFO com.cg.uas.controller.UASController [http-nio-9123-exec-9] Getting list of all schedules in the system..
2020-01-03 10:43:47,528 INFO com.cg.uas.controller.UASController [http-nio-9123-exec-10] Validating schedule Id entered for applicant..
2020-01-03 10:43:47,532 INFO com.cg.uas.service.UserServiceImpl [http-nio-9123-exec-10] Schedule Id is proper... returning BigInteger value of the entered Id..
2020-01-03 10:43:47,533 INFO com.cg.uas.controller.UASController [http-nio-9123-exec-10] Getting applicants corresponding to the schedule id..
2020-01-03 10:43:47,585 INFO com.cg.uas.controller.UASController [http-nio-9123-exec-10] 0 Applicants in the system from this schedule.. returning nothing
2020-01-03 10:43:51,271 INFO com.cg.uas.controller.UASController [http-nio-9123-exec-1] Getting list of all schedules in the system..
2020-01-03 10:43:53,367 INFO com.cg.uas.controller.UASController [http-nio-9123-exec-2] Validating schedule Id entered for applicant..
2020-01-03 10:43:53,371 INFO com.cg.uas.service.UserServiceImpl [http-nio-9123-exec-2] Schedule Id is proper... returning BigInteger value of the entered Id..
2020-01-03 10:43:53,372 INFO com.cg.uas.controller.UASController [http-nio-9123-exec-2] Getting applicants corresponding to the schedule id..
2020-01-03 10:43:53,376 INFO com.cg.uas.controller.UASController [http-nio-9123-exec-2] 0 Applicants in the system from this schedule.. returning nothing
2020-01-03 10:43:55,285 INFO com.cg.uas.controller.UASController [http-nio-9123-exec-3] Getting list of all schedules in the system..
2020-01-03 10:43:56,222 INFO com.cg.uas.controller.UASController [http-nio-9123-exec-4] Validating schedule Id entered for applicant..
2020-01-03 10:43:56,226 INFO com.cg.uas.service.UserServiceImpl [http-nio-9123-exec-4] Schedule Id is proper... returning BigInteger value of the entered Id..
2020-01-03 10:43:56,227 INFO com.cg.uas.controller.UASController [http-nio-9123-exec-4] Getting applicants corresponding to the schedule id..
2020-01-03 10:43:56,233 INFO com.cg.uas.controller.UASController [http-nio-9123-exec-4] 0 Applicants in the system from this schedule.. returning nothing
2020-01-03 10:43:57,126 INFO com.cg.uas.controller.UASController [http-nio-9123-exec-5] Getting list of all schedules in the system..
2020-01-03 10:43:59,031 INFO com.cg.uas.controller.UASController [http-nio-9123-exec-6] Validating schedule Id entered for applicant..
2020-01-03 10:43:59,036 INFO com.cg.uas.service.UserServiceImpl [http-nio-9123-exec-6] Schedule Id is proper... returning BigInteger value of the entered Id..
2020-01-03 10:43:59,037 INFO com.cg.uas.controller.UASController [http-nio-9123-exec-6] Getting applicants corresponding to the schedule id..
2020-01-03 10:43:59,042 INFO com.cg.uas.controller.UASController [http-nio-9123-exec-6] 0 Applicants in the system from this schedule.. returning nothing
2020-01-03 10:44:42,603 INFO com.cg.uas.controller.UASController [http-nio-9123-exec-7] Getting list of all schedules in the system..
2020-01-03 10:44:47,730 INFO com.cg.uas.controller.UASController [http-nio-9123-exec-8] Getting list of all schedules in the system..
2020-01-03 10:45:12,144 INFO com.cg.uas.controller.UASController [http-nio-9123-exec-9] Getting list of all schedules in the system..
2020-01-03 10:45:14,624 INFO com.cg.uas.controller.UASController [http-nio-9123-exec-10] Validating schedule Id entered for applicant..
2020-01-03 10:45:14,628 INFO com.cg.uas.service.UserServiceImpl [http-nio-9123-exec-10] Schedule Id is proper... returning BigInteger value of the entered Id..
2020-01-03 10:45:14,630 INFO com.cg.uas.controller.UASController [http-nio-9123-exec-10] Getting applicants corresponding to the schedule id..
2020-01-03 10:45:14,634 INFO com.cg.uas.controller.UASController [http-nio-9123-exec-10] 0 Applicants in the system from this schedule.. returning nothing
2020-01-03 10:45:37,389 INFO com.cg.uas.controller.UASController [http-nio-9123-exec-1] 0 applicants in the system.. returning nothing
2020-01-03 10:45:43,326 INFO com.cg.uas.controller.UASController [http-nio-9123-exec-2] Getting list of all schedules in the system..
2020-01-03 10:45:46,312 INFO com.cg.uas.controller.UASController [http-nio-9123-exec-3] Validating schedule id entered as parameter..
2020-01-03 10:45:46,316 INFO com.cg.uas.service.UserServiceImpl [http-nio-9123-exec-3] Schedule Id is proper... returning BigInteger value of the entered Id..
2020-01-03 10:45:46,317 INFO com.cg.uas.controller.UASController [http-nio-9123-exec-3] Schedule Id validated... Getting program List
2020-01-03 10:45:46,321 INFO com.cg.uas.controller.UASController [http-nio-9123-exec-3] Returning program list in the schedule..
2020-01-03 10:46:49,064 INFO com.cg.uas.controller.UASController [http-nio-9123-exec-8] Getting list of all schedules in the system..
2020-01-03 10:46:51,353 INFO com.cg.uas.controller.UASController [http-nio-9123-exec-9] Validating schedule id entered as parameter..
2020-01-03 10:46:51,357 INFO com.cg.uas.service.UserServiceImpl [http-nio-9123-exec-9] Schedule Id is proper... returning BigInteger value of the entered Id..
2020-01-03 10:46:51,359 INFO com.cg.uas.controller.UASController [http-nio-9123-exec-9] Schedule Id validated... Getting program List
2020-01-03 10:46:51,362 INFO com.cg.uas.controller.UASController [http-nio-9123-exec-9] Returning program list in the schedule..
2020-01-03 10:49:36,547 INFO com.cg.uas.controller.UASController [http-nio-9123-exec-5] Getting the schedule corresponding to the schedule Id
2020-01-03 10:49:36,548 INFO com.cg.uas.service.UserServiceImpl [http-nio-9123-exec-5] Returning Schedule object of the schedule id..
2020-01-03 10:49:36,551 INFO com.cg.uas.controller.UASController [http-nio-9123-exec-5] Getting the program corresponding to the program Id
2020-01-03 10:49:36,554 INFO com.cg.uas.controller.UASController [http-nio-9123-exec-5] All inputs valid.. creating applicant
2020-01-03 10:49:36,554 INFO com.cg.uas.controller.UASController [http-nio-9123-exec-5] Applicant created.. returning applicant object
2020-01-03 10:49:36,554 INFO com.cg.uas.service.UserServiceImpl [http-nio-9123-exec-5] Calling repository save method to save the Applicant in service layer..
2020-01-03 10:49:36,653 INFO com.cg.uas.controller.UASController [http-nio-9123-exec-5] New Applicant Added. AUDIT TRAIL=> Applicant ID: 10 Created on: Fri Jan 03 10:49:36 IST 2020 Created by: DIN18000705/10.58.57.8
2020-01-03 10:49:49,008 INFO com.cg.uas.controller.UASController [http-nio-9123-exec-6] Getting list of all schedules in the system..
2020-01-03 10:49:50,712 INFO com.cg.uas.controller.UASController [http-nio-9123-exec-7] Validating schedule id entered as parameter..
2020-01-03 10:49:50,717 INFO com.cg.uas.service.UserServiceImpl [http-nio-9123-exec-7] Schedule Id is proper... returning BigInteger value of the entered Id..
2020-01-03 10:49:50,718 INFO com.cg.uas.controller.UASController [http-nio-9123-exec-7] Schedule Id validated... Getting program List
2020-01-03 10:49:50,721 INFO com.cg.uas.controller.UASController [http-nio-9123-exec-7] Returning program list in the schedule..
2020-01-03 10:50:15,291 INFO com.cg.uas.controller.UASController [http-nio-9123-exec-9] Returning appointment list
2020-01-03 10:50:29,129 INFO com.cg.uas.controller.UASController [http-nio-9123-exec-10] Returning appointment list
2020-01-03 10:51:18,801 INFO com.cg.uas.controller.UASController [http-nio-9123-exec-3] Getting the schedule corresponding to the schedule Id
2020-01-03 10:51:18,802 INFO com.cg.uas.service.UserServiceImpl [http-nio-9123-exec-3] Returning Schedule object of the schedule id..
2020-01-03 10:51:18,805 INFO com.cg.uas.controller.UASController [http-nio-9123-exec-3] Getting the program corresponding to the program Id
2020-01-03 10:51:18,807 INFO com.cg.uas.controller.UASController [http-nio-9123-exec-3] All inputs valid.. creating applicant
2020-01-03 10:51:18,808 INFO com.cg.uas.controller.UASController [http-nio-9123-exec-3] Applicant created.. returning applicant object
2020-01-03 10:51:18,808 INFO com.cg.uas.service.UserServiceImpl [http-nio-9123-exec-3] Calling repository save method to save the Applicant in service layer..
2020-01-03 10:51:18,905 INFO com.cg.uas.controller.UASController [http-nio-9123-exec-3] New Applicant Added. AUDIT TRAIL=> Applicant ID: 11 Created on: Fri Jan 03 10:51:18 IST 2020 Created by: DIN18000705/10.58.57.8
2020-01-03 10:56:51,968 INFO com.cg.uas.UasApplication [restartedMain] Starting UasApplication on DIN18000705 with PID 13960 (C:\Users\pkuma579\Documents\UAS\UniversityAdmissionSystem\uas\target\classes started by pkuma579 in C:\Users\pkuma579\Documents\UAS\UniversityAdmissionSystem\uas)
2020-01-03 10:56:51,969 DEBUG com.cg.uas.UasApplication [restartedMain] Running with Spring Boot v2.2.0.RELEASE, Spring v5.2.0.RELEASE
2020-01-03 10:56:51,969 INFO com.cg.uas.UasApplication [restartedMain] The following profiles are active: production
2020-01-03 10:56:53,464 INFO com.cg.uas.UasApplication [restartedMain] Started UasApplication in 1.636 seconds (JVM running for 2260.944)
2020-01-03 10:56:59,507 INFO com.cg.uas.controller.UASController [http-nio-9123-exec-2] Getting the schedule corresponding to the schedule Id
2020-01-03 10:56:59,514 INFO com.cg.uas.service.UserServiceImpl [http-nio-9123-exec-2] Returning Schedule object of the schedule id..
2020-01-03 10:56:59,518 INFO com.cg.uas.controller.UASController [http-nio-9123-exec-2] Getting the program corresponding to the program Id
2020-01-03 10:56:59,520 INFO com.cg.uas.controller.UASController [http-nio-9123-exec-2] All inputs valid.. creating applicant
2020-01-03 10:56:59,521 INFO com.cg.uas.controller.UASController [http-nio-9123-exec-2] Applicant created.. returning applicant object
2020-01-03 10:56:59,521 INFO com.cg.uas.service.UserServiceImpl [http-nio-9123-exec-2] Calling repository save method to save the Applicant in service layer..
2020-01-03 10:56:59,668 INFO com.cg.uas.controller.UASController [http-nio-9123-exec-2] New Applicant Added. AUDIT TRAIL=> Applicant ID: 12 Created on: Fri Jan 03 10:56:59 IST 2020 Created by: DIN18000705/10.58.57.8
2020-01-03 10:57:11,922 INFO com.cg.uas.controller.UASController [http-nio-9123-exec-3] Returning appointment list
2020-01-03 10:57:21,367 INFO com.cg.uas.controller.UASController [http-nio-9123-exec-4] Returning appointment list
2020-01-03 10:57:49,081 INFO com.cg.uas.controller.UASController [http-nio-9123-exec-5] Returning appointment list
2020-01-03 10:58:46,031 INFO com.cg.uas.controller.UASController [http-nio-9123-exec-7] Returning appointment list
2020-01-03 12:21:54,044 INFO com.cg.uas.controller.UASController [http-nio-9123-exec-9] Getting list of all schedules in the system..
2020-01-03 12:21:56,918 INFO com.cg.uas.service.UserServiceImpl [http-nio-9123-exec-1] Schedule Id is proper... returning BigInteger value of the entered Id..
2020-01-03 12:21:56,922 INFO com.cg.uas.service.UserServiceImpl [http-nio-9123-exec-1] Schedule Deleted. Audit Details: ScheduleID:4 Modified on:1/3/20 9:21 AM. Modified by: DIN18000705/10.58.57.8
2020-01-03 12:21:58,439 INFO com.cg.uas.controller.UASController [http-nio-9123-exec-2] Getting list of all schedules in the system..
2020-01-03 12:22:08,328 INFO com.cg.uas.controller.UASController [http-nio-9123-exec-3] Getting list of all schedules in the system..
2020-01-03 12:22:09,742 INFO com.cg.uas.controller.UASController [http-nio-9123-exec-4] Validating schedule id entered as parameter..
2020-01-03 12:22:09,745 INFO com.cg.uas.service.UserServiceImpl [http-nio-9123-exec-4] Schedule Id is proper... returning BigInteger value of the entered Id..
2020-01-03 12:22:09,746 INFO com.cg.uas.controller.UASController [http-nio-9123-exec-4] Schedule Id validated... Getting program List
2020-01-03 12:22:09,751 INFO com.cg.uas.controller.UASController [http-nio-9123-exec-4] Returning program list in the schedule..
2020-01-03 12:31:35,060 INFO com.cg.uas.controller.UASController [http-nio-9123-exec-6] Getting list of all schedules in the system..
2020-01-03 12:31:40,900 INFO com.cg.uas.controller.UASController [http-nio-9123-exec-7] Getting list of all schedules in the system..
2020-01-03 12:32:20,090 INFO com.cg.uas.controller.UASController [http-nio-9123-exec-8] Getting list of all schedules in the system..
2020-01-03 12:32:25,162 INFO com.cg.uas.controller.UASController [http-nio-9123-exec-9] Getting list of all schedules in the system..
2020-01-03 12:32:43,377 INFO com.cg.uas.controller.UASController [http-nio-9123-exec-10] Getting list of all schedules in the system..
2020-01-03 12:32:55,999 INFO com.cg.uas.controller.UASController [http-nio-9123-exec-1] Getting list of all schedules in the system..
2020-01-03 12:33:08,947 INFO com.cg.uas.controller.UASController [http-nio-9123-exec-2] Getting list of all schedules in the system..
2020-01-03 12:33:11,166 INFO com.cg.uas.controller.UASController [http-nio-9123-exec-3] Validating schedule id entered as parameter..
2020-01-03 12:33:11,170 INFO com.cg.uas.service.UserServiceImpl [http-nio-9123-exec-3] Schedule Id is proper... returning BigInteger value of the entered Id..
2020-01-03 12:33:11,171 INFO com.cg.uas.controller.UASController [http-nio-9123-exec-3] Schedule Id validated... Getting program List
2020-01-03 12:33:11,175 INFO com.cg.uas.controller.UASController [http-nio-9123-exec-3] Returning program list in the schedule..
2020-01-03 12:33:15,590 INFO com.cg.uas.controller.UASController [http-nio-9123-exec-4] Validating schedule id entered as parameter..
2020-01-03 12:33:15,594 INFO com.cg.uas.service.UserServiceImpl [http-nio-9123-exec-4] Schedule Id is proper... returning BigInteger value of the entered Id..
2020-01-03 12:33:15,595 INFO com.cg.uas.controller.UASController [http-nio-9123-exec-4] Schedule Id validated... Getting program List
2020-01-03 12:33:15,598 INFO com.cg.uas.controller.UASController [http-nio-9123-exec-4] Returning program list in the schedule..
2020-01-03 12:34:51,610 ERROR org.apache.catalina.core.ContainerBase.[Tomcat].[localhost].[/].[dispatcherServlet] [http-nio-9123-exec-9] Servlet.service() for servlet [dispatcherServlet] threw exception
javax.servlet.ServletException: Circular view path [error]: would dispatch back to the current handler URL [/error] again. Check your ViewResolver setup! (Hint: This may be the result of an unspecified view, due to default view name generation.)
	at org.springframework.web.servlet.view.InternalResourceView.prepareForRendering(InternalResourceView.java:210)
	at org.springframework.web.servlet.view.InternalResourceView.renderMergedOutputModel(InternalResourceView.java:148)
	at org.springframework.web.servlet.view.AbstractView.render(AbstractView.java:317)
	at org.springframework.web.servlet.DispatcherServlet.render(DispatcherServlet.java:1373)
	at org.springframework.web.servlet.DispatcherServlet.processDispatchResult(DispatcherServlet.java:1118)
	at org.springframework.web.servlet.DispatcherServlet.doDispatch(DispatcherServlet.java:1057)
	at org.springframework.web.servlet.DispatcherServlet.doService(DispatcherServlet.java:943)
	at org.springframework.web.servlet.FrameworkServlet.processRequest(FrameworkServlet.java:1006)
	at org.springframework.web.servlet.FrameworkServlet.doGet(FrameworkServlet.java:898)
	at javax.servlet.http.HttpServlet.service(HttpServlet.java:634)
	at org.springframework.web.servlet.FrameworkServlet.service(FrameworkServlet.java:883)
	at javax.servlet.http.HttpServlet.service(HttpServlet.java:741)
	at org.apache.catalina.core.ApplicationFilterChain.internalDoFilter(ApplicationFilterChain.java:231)
	at org.apache.catalina.core.ApplicationFilterChain.doFilter(ApplicationFilterChain.java:166)
	at org.apache.catalina.core.ApplicationDispatcher.invoke(ApplicationDispatcher.java:712)
	at org.apache.catalina.core.ApplicationDispatcher.processRequest(ApplicationDispatcher.java:461)
	at org.apache.catalina.core.ApplicationDispatcher.doForward(ApplicationDispatcher.java:384)
	at org.apache.catalina.core.ApplicationDispatcher.forward(ApplicationDispatcher.java:312)
	at org.apache.catalina.core.StandardHostValve.custom(StandardHostValve.java:394)
	at org.apache.catalina.core.StandardHostValve.status(StandardHostValve.java:253)
	at org.apache.catalina.core.StandardHostValve.invoke(StandardHostValve.java:175)
	at org.apache.catalina.valves.ErrorReportValve.invoke(ErrorReportValve.java:92)
	at org.apache.catalina.core.StandardEngineValve.invoke(StandardEngineValve.java:74)
	at org.apache.catalina.connector.CoyoteAdapter.service(CoyoteAdapter.java:343)
	at org.apache.coyote.http11.Http11Processor.service(Http11Processor.java:408)
	at org.apache.coyote.AbstractProcessorLight.process(AbstractProcessorLight.java:66)
	at org.apache.coyote.AbstractProtocol$ConnectionHandler.process(AbstractProtocol.java:861)
	at org.apache.tomcat.util.net.NioEndpoint$SocketProcessor.doRun(NioEndpoint.java:1579)
	at org.apache.tomcat.util.net.SocketProcessorBase.run(SocketProcessorBase.java:49)
	at java.util.concurrent.ThreadPoolExecutor.runWorker(Unknown Source)
	at java.util.concurrent.ThreadPoolExecutor$Worker.run(Unknown Source)
	at org.apache.tomcat.util.threads.TaskThread$WrappingRunnable.run(TaskThread.java:61)
	at java.lang.Thread.run(Unknown Source)
2020-01-03 12:34:51,611 ERROR org.apache.catalina.core.ContainerBase.[Tomcat].[localhost] [http-nio-9123-exec-9] Exception Processing ErrorPage[errorCode=0, location=/error]
javax.servlet.ServletException: Circular view path [error]: would dispatch back to the current handler URL [/error] again. Check your ViewResolver setup! (Hint: This may be the result of an unspecified view, due to default view name generation.)
	at org.springframework.web.servlet.view.InternalResourceView.prepareForRendering(InternalResourceView.java:210)
	at org.springframework.web.servlet.view.InternalResourceView.renderMergedOutputModel(InternalResourceView.java:148)
	at org.springframework.web.servlet.view.AbstractView.render(AbstractView.java:317)
	at org.springframework.web.servlet.DispatcherServlet.render(DispatcherServlet.java:1373)
	at org.springframework.web.servlet.DispatcherServlet.processDispatchResult(DispatcherServlet.java:1118)
	at org.springframework.web.servlet.DispatcherServlet.doDispatch(DispatcherServlet.java:1057)
	at org.springframework.web.servlet.DispatcherServlet.doService(DispatcherServlet.java:943)
	at org.springframework.web.servlet.FrameworkServlet.processRequest(FrameworkServlet.java:1006)
	at org.springframework.web.servlet.FrameworkServlet.doGet(FrameworkServlet.java:898)
	at javax.servlet.http.HttpServlet.service(HttpServlet.java:634)
	at org.springframework.web.servlet.FrameworkServlet.service(FrameworkServlet.java:883)
	at javax.servlet.http.HttpServlet.service(HttpServlet.java:741)
	at org.apache.catalina.core.ApplicationFilterChain.internalDoFilter(ApplicationFilterChain.java:231)
	at org.apache.catalina.core.ApplicationFilterChain.doFilter(ApplicationFilterChain.java:166)
	at org.apache.catalina.core.ApplicationDispatcher.invoke(ApplicationDispatcher.java:712)
	at org.apache.catalina.core.ApplicationDispatcher.processRequest(ApplicationDispatcher.java:461)
	at org.apache.catalina.core.ApplicationDispatcher.doForward(ApplicationDispatcher.java:384)
	at org.apache.catalina.core.ApplicationDispatcher.forward(ApplicationDispatcher.java:312)
	at org.apache.catalina.core.StandardHostValve.custom(StandardHostValve.java:394)
	at org.apache.catalina.core.StandardHostValve.status(StandardHostValve.java:253)
	at org.apache.catalina.core.StandardHostValve.invoke(StandardHostValve.java:175)
	at org.apache.catalina.valves.ErrorReportValve.invoke(ErrorReportValve.java:92)
	at org.apache.catalina.core.StandardEngineValve.invoke(StandardEngineValve.java:74)
	at org.apache.catalina.connector.CoyoteAdapter.service(CoyoteAdapter.java:343)
	at org.apache.coyote.http11.Http11Processor.service(Http11Processor.java:408)
	at org.apache.coyote.AbstractProcessorLight.process(AbstractProcessorLight.java:66)
	at org.apache.coyote.AbstractProtocol$ConnectionHandler.process(AbstractProtocol.java:861)
	at org.apache.tomcat.util.net.NioEndpoint$SocketProcessor.doRun(NioEndpoint.java:1579)
	at org.apache.tomcat.util.net.SocketProcessorBase.run(SocketProcessorBase.java:49)
	at java.util.concurrent.ThreadPoolExecutor.runWorker(Unknown Source)
	at java.util.concurrent.ThreadPoolExecutor$Worker.run(Unknown Source)
	at org.apache.tomcat.util.threads.TaskThread$WrappingRunnable.run(TaskThread.java:61)
	at java.lang.Thread.run(Unknown Source)
2020-01-03 16:08:43,448 INFO com.cg.uas.controller.UASController [http-nio-9123-exec-3] Getting list of all schedules in the system..
2020-01-03 16:08:50,875 INFO com.cg.uas.controller.UASController [http-nio-9123-exec-4] Validating schedule id entered as parameter..
2020-01-03 16:08:50,879 INFO com.cg.uas.service.UserServiceImpl [http-nio-9123-exec-4] Schedule Id is proper... returning BigInteger value of the entered Id..
2020-01-03 16:08:50,880 INFO com.cg.uas.controller.UASController [http-nio-9123-exec-4] Schedule Id validated... Getting program List
2020-01-03 16:08:51,188 INFO com.cg.uas.controller.UASController [http-nio-9123-exec-4] Returning program list in the schedule..
2020-01-03 16:09:05,463 ERROR org.apache.catalina.core.ContainerBase.[Tomcat].[localhost].[/].[dispatcherServlet] [http-nio-9123-exec-7] Servlet.service() for servlet [dispatcherServlet] threw exception
javax.servlet.ServletException: Circular view path [error]: would dispatch back to the current handler URL [/error] again. Check your ViewResolver setup! (Hint: This may be the result of an unspecified view, due to default view name generation.)
	at org.springframework.web.servlet.view.InternalResourceView.prepareForRendering(InternalResourceView.java:210)
	at org.springframework.web.servlet.view.InternalResourceView.renderMergedOutputModel(InternalResourceView.java:148)
	at org.springframework.web.servlet.view.AbstractView.render(AbstractView.java:317)
	at org.springframework.web.servlet.DispatcherServlet.render(DispatcherServlet.java:1373)
	at org.springframework.web.servlet.DispatcherServlet.processDispatchResult(DispatcherServlet.java:1118)
	at org.springframework.web.servlet.DispatcherServlet.doDispatch(DispatcherServlet.java:1057)
	at org.springframework.web.servlet.DispatcherServlet.doService(DispatcherServlet.java:943)
	at org.springframework.web.servlet.FrameworkServlet.processRequest(FrameworkServlet.java:1006)
	at org.springframework.web.servlet.FrameworkServlet.doGet(FrameworkServlet.java:898)
	at javax.servlet.http.HttpServlet.service(HttpServlet.java:634)
	at org.springframework.web.servlet.FrameworkServlet.service(FrameworkServlet.java:883)
	at javax.servlet.http.HttpServlet.service(HttpServlet.java:741)
	at org.apache.catalina.core.ApplicationFilterChain.internalDoFilter(ApplicationFilterChain.java:231)
	at org.apache.catalina.core.ApplicationFilterChain.doFilter(ApplicationFilterChain.java:166)
	at org.apache.catalina.core.ApplicationDispatcher.invoke(ApplicationDispatcher.java:712)
	at org.apache.catalina.core.ApplicationDispatcher.processRequest(ApplicationDispatcher.java:461)
	at org.apache.catalina.core.ApplicationDispatcher.doForward(ApplicationDispatcher.java:384)
	at org.apache.catalina.core.ApplicationDispatcher.forward(ApplicationDispatcher.java:312)
	at org.apache.catalina.core.StandardHostValve.custom(StandardHostValve.java:394)
	at org.apache.catalina.core.StandardHostValve.status(StandardHostValve.java:253)
	at org.apache.catalina.core.StandardHostValve.invoke(StandardHostValve.java:175)
	at org.apache.catalina.valves.ErrorReportValve.invoke(ErrorReportValve.java:92)
	at org.apache.catalina.core.StandardEngineValve.invoke(StandardEngineValve.java:74)
	at org.apache.catalina.connector.CoyoteAdapter.service(CoyoteAdapter.java:343)
	at org.apache.coyote.http11.Http11Processor.service(Http11Processor.java:408)
	at org.apache.coyote.AbstractProcessorLight.process(AbstractProcessorLight.java:66)
	at org.apache.coyote.AbstractProtocol$ConnectionHandler.process(AbstractProtocol.java:861)
	at org.apache.tomcat.util.net.NioEndpoint$SocketProcessor.doRun(NioEndpoint.java:1579)
	at org.apache.tomcat.util.net.SocketProcessorBase.run(SocketProcessorBase.java:49)
	at java.util.concurrent.ThreadPoolExecutor.runWorker(Unknown Source)
	at java.util.concurrent.ThreadPoolExecutor$Worker.run(Unknown Source)
	at org.apache.tomcat.util.threads.TaskThread$WrappingRunnable.run(TaskThread.java:61)
	at java.lang.Thread.run(Unknown Source)
2020-01-03 16:09:05,464 ERROR org.apache.catalina.core.ContainerBase.[Tomcat].[localhost] [http-nio-9123-exec-7] Exception Processing ErrorPage[errorCode=0, location=/error]
javax.servlet.ServletException: Circular view path [error]: would dispatch back to the current handler URL [/error] again. Check your ViewResolver setup! (Hint: This may be the result of an unspecified view, due to default view name generation.)
	at org.springframework.web.servlet.view.InternalResourceView.prepareForRendering(InternalResourceView.java:210)
	at org.springframework.web.servlet.view.InternalResourceView.renderMergedOutputModel(InternalResourceView.java:148)
	at org.springframework.web.servlet.view.AbstractView.render(AbstractView.java:317)
	at org.springframework.web.servlet.DispatcherServlet.render(DispatcherServlet.java:1373)
	at org.springframework.web.servlet.DispatcherServlet.processDispatchResult(DispatcherServlet.java:1118)
	at org.springframework.web.servlet.DispatcherServlet.doDispatch(DispatcherServlet.java:1057)
	at org.springframework.web.servlet.DispatcherServlet.doService(DispatcherServlet.java:943)
	at org.springframework.web.servlet.FrameworkServlet.processRequest(FrameworkServlet.java:1006)
	at org.springframework.web.servlet.FrameworkServlet.doGet(FrameworkServlet.java:898)
	at javax.servlet.http.HttpServlet.service(HttpServlet.java:634)
	at org.springframework.web.servlet.FrameworkServlet.service(FrameworkServlet.java:883)
	at javax.servlet.http.HttpServlet.service(HttpServlet.java:741)
	at org.apache.catalina.core.ApplicationFilterChain.internalDoFilter(ApplicationFilterChain.java:231)
	at org.apache.catalina.core.ApplicationFilterChain.doFilter(ApplicationFilterChain.java:166)
	at org.apache.catalina.core.ApplicationDispatcher.invoke(ApplicationDispatcher.java:712)
	at org.apache.catalina.core.ApplicationDispatcher.processRequest(ApplicationDispatcher.java:461)
	at org.apache.catalina.core.ApplicationDispatcher.doForward(ApplicationDispatcher.java:384)
	at org.apache.catalina.core.ApplicationDispatcher.forward(ApplicationDispatcher.java:312)
	at org.apache.catalina.core.StandardHostValve.custom(StandardHostValve.java:394)
	at org.apache.catalina.core.StandardHostValve.status(StandardHostValve.java:253)
	at org.apache.catalina.core.StandardHostValve.invoke(StandardHostValve.java:175)
	at org.apache.catalina.valves.ErrorReportValve.invoke(ErrorReportValve.java:92)
	at org.apache.catalina.core.StandardEngineValve.invoke(StandardEngineValve.java:74)
	at org.apache.catalina.connector.CoyoteAdapter.service(CoyoteAdapter.java:343)
	at org.apache.coyote.http11.Http11Processor.service(Http11Processor.java:408)
	at org.apache.coyote.AbstractProcessorLight.process(AbstractProcessorLight.java:66)
	at org.apache.coyote.AbstractProtocol$ConnectionHandler.process(AbstractProtocol.java:861)
	at org.apache.tomcat.util.net.NioEndpoint$SocketProcessor.doRun(NioEndpoint.java:1579)
	at org.apache.tomcat.util.net.SocketProcessorBase.run(SocketProcessorBase.java:49)
	at java.util.concurrent.ThreadPoolExecutor.runWorker(Unknown Source)
	at java.util.concurrent.ThreadPoolExecutor$Worker.run(Unknown Source)
	at org.apache.tomcat.util.threads.TaskThread$WrappingRunnable.run(TaskThread.java:61)
	at java.lang.Thread.run(Unknown Source)
2020-01-03 16:11:45,912 INFO com.cg.uas.controller.UASController [http-nio-9123-exec-10] Getting list of all schedules in the system..
2020-01-03 16:11:48,060 INFO com.cg.uas.controller.UASController [http-nio-9123-exec-1] Validating schedule id entered as parameter..
2020-01-03 16:11:48,164 INFO com.cg.uas.service.UserServiceImpl [http-nio-9123-exec-1] Schedule Id is proper... returning BigInteger value of the entered Id..
2020-01-03 16:11:48,166 INFO com.cg.uas.controller.UASController [http-nio-9123-exec-1] Schedule Id validated... Getting program List
2020-01-03 16:11:48,180 INFO com.cg.uas.controller.UASController [http-nio-9123-exec-1] Returning program list in the schedule..
2020-01-03 16:13:26,907 INFO com.cg.uas.controller.UASController [http-nio-9123-exec-3] Getting list of all schedules in the system..
2020-01-03 16:13:29,600 INFO com.cg.uas.controller.UASController [http-nio-9123-exec-5] Validating schedule id entered as parameter..
2020-01-03 16:13:29,628 INFO com.cg.uas.service.UserServiceImpl [http-nio-9123-exec-5] Schedule Id is proper... returning BigInteger value of the entered Id..
2020-01-03 16:13:29,629 INFO com.cg.uas.controller.UASController [http-nio-9123-exec-5] Schedule Id validated... Getting program List
2020-01-03 16:13:29,657 INFO com.cg.uas.controller.UASController [http-nio-9123-exec-5] Returning program list in the schedule..
2020-01-03 16:41:07,634 INFO com.cg.uas.controller.UASController [http-nio-9123-exec-7] Getting list of all schedules in the system..
2020-01-03 16:41:08,522 INFO com.cg.uas.controller.UASController [http-nio-9123-exec-8] Validating schedule id entered as parameter..
2020-01-03 16:41:08,542 INFO com.cg.uas.service.UserServiceImpl [http-nio-9123-exec-8] Schedule Id is proper... returning BigInteger value of the entered Id..
2020-01-03 16:41:08,543 INFO com.cg.uas.controller.UASController [http-nio-9123-exec-8] Schedule Id validated... Getting program List
2020-01-03 16:41:08,546 INFO com.cg.uas.controller.UASController [http-nio-9123-exec-8] Returning program list in the schedule..
2020-01-03 16:44:11,226 INFO com.cg.uas.controller.UASController [http-nio-9123-exec-1] Getting list of all schedules in the system..
2020-01-03 16:44:19,094 INFO com.cg.uas.controller.UASController [http-nio-9123-exec-3] Validating schedule id entered as parameter..
2020-01-03 16:44:19,101 INFO com.cg.uas.service.UserServiceImpl [http-nio-9123-exec-3] Schedule Id is proper... returning BigInteger value of the entered Id..
2020-01-03 16:44:19,102 INFO com.cg.uas.controller.UASController [http-nio-9123-exec-3] Schedule Id validated... Getting program List
2020-01-03 16:44:19,105 INFO com.cg.uas.controller.UASController [http-nio-9123-exec-3] Returning program list in the schedule..
2020-01-03 17:11:39,452 INFO com.cg.uas.controller.UASController [http-nio-9123-exec-10] Getting list of all schedules in the system..
2020-01-03 17:11:41,979 INFO com.cg.uas.controller.UASController [http-nio-9123-exec-1] Validating schedule id entered as parameter..
2020-01-03 17:11:41,983 INFO com.cg.uas.service.UserServiceImpl [http-nio-9123-exec-1] Schedule Id is proper... returning BigInteger value of the entered Id..
2020-01-03 17:11:41,984 INFO com.cg.uas.controller.UASController [http-nio-9123-exec-1] Schedule Id validated... Getting program List
2020-01-03 17:11:41,987 INFO com.cg.uas.controller.UASController [http-nio-9123-exec-1] Returning program list in the schedule..
2020-01-03 17:12:51,490 INFO com.cg.uas.controller.UASController [http-nio-9123-exec-5] Schedule added. Audit Details: ScheduleID:13 Created on:Fri Jan 03 17:12:51 IST 2020.Created by: DIN18000705/10.58.57.8
2020-01-03 17:13:06,226 INFO com.cg.uas.controller.UASController [http-nio-9123-exec-6] Getting list of all schedules in the system..
2020-01-03 17:13:25,172 INFO com.cg.uas.controller.UASController [http-nio-9123-exec-7] Validating schedule id entered as parameter..
2020-01-03 17:13:25,176 INFO com.cg.uas.service.UserServiceImpl [http-nio-9123-exec-7] Schedule Id is proper... returning BigInteger value of the entered Id..
2020-01-03 17:13:25,177 INFO com.cg.uas.controller.UASController [http-nio-9123-exec-7] Schedule Id validated... Getting program List
2020-01-03 17:13:25,179 INFO com.cg.uas.controller.UASController [http-nio-9123-exec-7] Program list is empty.
2020-01-03 17:13:28,008 INFO com.cg.uas.controller.UASController [http-nio-9123-exec-8] Getting list of all schedules in the system..
2020-01-03 17:13:31,505 INFO com.cg.uas.controller.UASController [http-nio-9123-exec-9] Validating schedule id entered as parameter..
2020-01-03 17:13:31,509 INFO com.cg.uas.service.UserServiceImpl [http-nio-9123-exec-9] Schedule Id is proper... returning BigInteger value of the entered Id..
2020-01-03 17:13:31,510 INFO com.cg.uas.controller.UASController [http-nio-9123-exec-9] Schedule Id validated... Getting program List
2020-01-03 17:13:31,513 INFO com.cg.uas.controller.UASController [http-nio-9123-exec-9] Program list is empty.
2020-01-03 17:13:32,369 INFO com.cg.uas.controller.UASController [http-nio-9123-exec-10] Getting list of all schedules in the system..
2020-01-03 17:13:33,280 INFO com.cg.uas.controller.UASController [http-nio-9123-exec-1] Validating schedule id entered as parameter..
2020-01-03 17:13:33,339 INFO com.cg.uas.service.UserServiceImpl [http-nio-9123-exec-1] Schedule Id is proper... returning BigInteger value of the entered Id..
2020-01-03 17:13:33,340 INFO com.cg.uas.controller.UASController [http-nio-9123-exec-1] Schedule Id validated... Getting program List
2020-01-03 17:13:33,343 INFO com.cg.uas.controller.UASController [http-nio-9123-exec-1] Returning program list in the schedule..
2020-01-03 17:14:35,632 INFO com.cg.uas.controller.UASController [http-nio-9123-exec-3] Getting list of all schedules in the system..
2020-01-03 17:18:08,407 INFO com.cg.uas.controller.UASController [http-nio-9123-exec-5] Validating schedule id entered as parameter..
2020-01-03 17:18:08,411 INFO com.cg.uas.service.UserServiceImpl [http-nio-9123-exec-5] Schedule Id is proper... returning BigInteger value of the entered Id..
2020-01-03 17:18:08,412 INFO com.cg.uas.controller.UASController [http-nio-9123-exec-5] Schedule Id validated... Getting program List
2020-01-03 17:18:08,439 INFO com.cg.uas.controller.UASController [http-nio-9123-exec-5] Returning program list in the schedule..
2020-01-03 17:22:02,140 INFO com.cg.uas.controller.UASController [http-nio-9123-exec-8] Getting the schedule corresponding to the schedule Id
2020-01-03 17:22:02,142 INFO com.cg.uas.service.UserServiceImpl [http-nio-9123-exec-8] Returning Schedule object of the schedule id..
2020-01-03 17:22:02,183 INFO com.cg.uas.controller.UASController [http-nio-9123-exec-8] Getting the program corresponding to the program Id
2020-01-03 17:22:02,185 INFO com.cg.uas.controller.UASController [http-nio-9123-exec-8] All inputs valid.. creating applicant
2020-01-03 17:22:02,185 INFO com.cg.uas.controller.UASController [http-nio-9123-exec-8] Applicant created.. returning applicant object
2020-01-03 17:22:02,186 INFO com.cg.uas.service.UserServiceImpl [http-nio-9123-exec-8] Calling repository save method to save the Applicant in service layer..
2020-01-03 17:22:02,531 INFO com.cg.uas.controller.UASController [http-nio-9123-exec-8] New Applicant Added. AUDIT TRAIL=> Applicant ID: 14 Created on: Fri Jan 03 17:22:02 IST 2020 Created by: DIN18000705/10.58.57.8
2020-01-03 17:23:12,924 INFO com.cg.uas.controller.UASController [http-nio-9123-exec-10] Getting list of all schedules in the system..
2020-01-03 17:23:19,746 INFO com.cg.uas.controller.UASController [http-nio-9123-exec-1] Getting list of all schedules in the system..
2020-01-03 17:23:24,576 INFO com.cg.uas.controller.UASController [http-nio-9123-exec-2] Getting list of all schedules in the system..
2020-01-03 17:23:30,689 INFO com.cg.uas.controller.UASController [http-nio-9123-exec-3] Validating schedule id entered as parameter..
2020-01-03 17:23:30,692 INFO com.cg.uas.service.UserServiceImpl [http-nio-9123-exec-3] Schedule Id is proper... returning BigInteger value of the entered Id..
2020-01-03 17:23:30,693 INFO com.cg.uas.controller.UASController [http-nio-9123-exec-3] Schedule Id validated... Getting program List
2020-01-03 17:23:30,695 INFO com.cg.uas.controller.UASController [http-nio-9123-exec-3] Returning program list in the schedule..
